<?xml version="1.0" encoding="UTF-8"?>
<!-- Generated by org.testng.reporters.JUnitReportReporter -->
<testsuite skipped="0" hostname="Sagar" name="firsttestngpackage.FirsrTestNGFile" tests="1" failures="0" timestamp="24 Jan 2018 11:53:49 GMT" time="11.979" errors="0">
  <testcase name="testNGTile" time="11.979" classname="firsttestngpackage.FirsrTestNGFile"/>
</testsuite> <!-- firsttestngpackage.FirsrTestNGFile -->
